<?xml version="1.0" encoding="UTF-8"?>
<coverage generated="1762114042792" clover="3.2.0">
  <project timestamp="1762114042793" name="All files">
    <metrics statements="50" coveredstatements="49" conditionals="37" coveredconditionals="34" methods="9" coveredmethods="8" elements="96" coveredelements="91" complexity="0" loc="50" ncloc="50" packages="1" files="3" classes="3"/>
    <file name="App.css" path="C:\Users\Marian\Documents\roman-converter\server\client\src\App.css">
      <metrics statements="0" coveredstatements="0" conditionals="0" coveredconditionals="0" methods="0" coveredmethods="0"/>
    </file>
    <file name="App.tsx" path="C:\Users\Marian\Documents\roman-converter\server\client\src\App.tsx">
      <metrics statements="26" coveredstatements="25" conditionals="19" coveredconditionals="17" methods="7" coveredmethods="6"/>
      <line num="7" count="43" type="stmt"/>
      <line num="8" count="43" type="stmt"/>
      <line num="9" count="43" type="stmt"/>
      <line num="10" count="43" type="stmt"/>
      <line num="11" count="43" type="cond" truecount="1" falsecount="1"/>
      <line num="14" count="11" type="stmt"/>
      <line num="15" count="11" type="stmt"/>
      <line num="16" count="11" type="stmt"/>
      <line num="17" count="11" type="cond" truecount="2" falsecount="0"/>
      <line num="18" count="9" type="stmt"/>
      <line num="19" count="9" type="cond" truecount="2" falsecount="0"/>
      <line num="20" count="8" type="cond" truecount="2" falsecount="0"/>
      <line num="21" count="5" type="stmt"/>
      <line num="22" count="2" type="stmt"/>
      <line num="24" count="3" type="stmt"/>
      <line num="27" count="2" type="cond" truecount="2" falsecount="0"/>
      <line num="28" count="1" type="stmt"/>
      <line num="29" count="1" type="stmt"/>
      <line num="31" count="1" type="stmt"/>
      <line num="36" count="6" type="cond" truecount="2" falsecount="1"/>
      <line num="40" count="43" type="stmt"/>
      <line num="50" count="0" type="stmt"/>
      <line num="59" count="2" type="stmt"/>
      <line num="68" count="10" type="stmt"/>
      <line num="73" count="5" type="stmt"/>
      <line num="76" count="6" type="stmt"/>
    </file>
    <file name="converters.ts" path="C:\Users\Marian\Documents\roman-converter\server\client\src\converters.ts">
      <metrics statements="24" coveredstatements="24" conditionals="18" coveredconditionals="17" methods="2" coveredmethods="2"/>
      <line num="2" count="22" type="cond" truecount="1" falsecount="1"/>
      <line num="3" count="22" type="cond" truecount="4" falsecount="0"/>
      <line num="4" count="17" type="stmt"/>
      <line num="5" count="17" type="stmt"/>
      <line num="6" count="17" type="stmt"/>
      <line num="7" count="17" type="stmt"/>
      <line num="8" count="221" type="stmt"/>
      <line num="9" count="44" type="stmt"/>
      <line num="10" count="44" type="stmt"/>
      <line num="13" count="17" type="stmt"/>
      <line num="17" count="17" type="cond" truecount="4" falsecount="0"/>
      <line num="18" count="13" type="stmt"/>
      <line num="19" count="13" type="cond" truecount="2" falsecount="0"/>
      <line num="20" count="11" type="stmt"/>
      <line num="21" count="11" type="stmt"/>
      <line num="22" count="11" type="stmt"/>
      <line num="23" count="29" type="stmt"/>
      <line num="24" count="29" type="cond" truecount="2" falsecount="0"/>
      <line num="25" count="29" type="cond" truecount="2" falsecount="0"/>
      <line num="26" count="15" type="stmt"/>
      <line num="27" count="15" type="stmt"/>
      <line num="29" count="14" type="stmt"/>
      <line num="33" count="11" type="cond" truecount="2" falsecount="0"/>
      <line num="34" count="8" type="stmt"/>
    </file>
  </project>
</coverage>
