<?xml version="1.0" encoding="UTF-8"?>
<coverage generated="1762114672116" clover="3.2.0">
  <project timestamp="1762114672117" name="All files">
    <metrics statements="24" coveredstatements="24" conditionals="18" coveredconditionals="18" methods="2" coveredmethods="2" elements="44" coveredelements="44" complexity="0" loc="24" ncloc="24" packages="1" files="1" classes="1"/>
    <file name="converters.ts" path="C:\Users\Marian\Documents\roman-converter\server\src\converters.ts">
      <metrics statements="24" coveredstatements="24" conditionals="18" coveredconditionals="18" methods="2" coveredmethods="2"/>
      <line num="2" count="25" type="cond" truecount="2" falsecount="0"/>
      <line num="3" count="24" type="cond" truecount="4" falsecount="0"/>
      <line num="5" count="21" type="stmt"/>
      <line num="6" count="21" type="stmt"/>
      <line num="8" count="21" type="stmt"/>
      <line num="9" count="21" type="stmt"/>
      <line num="10" count="273" type="stmt"/>
      <line num="11" count="37" type="stmt"/>
      <line num="12" count="37" type="stmt"/>
      <line num="15" count="21" type="stmt"/>
      <line num="19" count="18" type="cond" truecount="4" falsecount="0"/>
      <line num="21" count="15" type="stmt"/>
      <line num="22" count="15" type="cond" truecount="2" falsecount="0"/>
      <line num="24" count="13" type="stmt"/>
      <line num="25" count="13" type="stmt"/>
      <line num="27" count="13" type="stmt"/>
      <line num="28" count="27" type="stmt"/>
      <line num="29" count="27" type="cond" truecount="2" falsecount="0"/>
      <line num="30" count="27" type="cond" truecount="2" falsecount="0"/>
      <line num="31" count="14" type="stmt"/>
      <line num="32" count="14" type="stmt"/>
      <line num="34" count="13" type="stmt"/>
      <line num="39" count="13" type="cond" truecount="2" falsecount="0"/>
      <line num="41" count="10" type="stmt"/>
    </file>
  </project>
</coverage>
