{"C:\\Users\\Marian\\Documents\\roman-converter\\server\\src\\converters.ts": {"path":"C:\\Users\\Marian\\Documents\\roman-converter\\server\\src\\converters.ts","statementMap":{"0":{"start":{"line":2,"column":2},"end":{"line":2,"column":null}},"1":{"start":{"line":2,"column":30},"end":{"line":2,"column":null}},"2":{"start":{"line":3,"column":2},"end":{"line":3,"column":null}},"3":{"start":{"line":3,"column":31},"end":{"line":3,"column":null}},"4":{"start":{"line":5,"column":15},"end":{"line":5,"column":null}},"5":{"start":{"line":6,"column":15},"end":{"line":6,"column":null}},"6":{"start":{"line":8,"column":15},"end":{"line":8,"column":null}},"7":{"start":{"line":9,"column":2},"end":{"line":14,"column":null}},"8":{"start":{"line":9,"column":15},"end":{"line":9,"column":18}},"9":{"start":{"line":10,"column":4},"end":{"line":13,"column":null}},"10":{"start":{"line":11,"column":6},"end":{"line":11,"column":null}},"11":{"start":{"line":12,"column":6},"end":{"line":12,"column":null}},"12":{"start":{"line":15,"column":2},"end":{"line":15,"column":null}},"13":{"start":{"line":19,"column":2},"end":{"line":19,"column":null}},"14":{"start":{"line":19,"column":39},"end":{"line":19,"column":null}},"15":{"start":{"line":21,"column":12},"end":{"line":21,"column":null}},"16":{"start":{"line":22,"column":2},"end":{"line":22,"column":null}},"17":{"start":{"line":22,"column":31},"end":{"line":22,"column":null}},"18":{"start":{"line":24,"column":38},"end":{"line":24,"column":null}},"19":{"start":{"line":25,"column":14},"end":{"line":25,"column":null}},"20":{"start":{"line":27,"column":2},"end":{"line":36,"column":null}},"21":{"start":{"line":27,"column":15},"end":{"line":27,"column":18}},"22":{"start":{"line":28,"column":17},"end":{"line":28,"column":null}},"23":{"start":{"line":29,"column":17},"end":{"line":29,"column":null}},"24":{"start":{"line":30,"column":4},"end":{"line":35,"column":null}},"25":{"start":{"line":31,"column":6},"end":{"line":31,"column":null}},"26":{"start":{"line":32,"column":6},"end":{"line":32,"column":null}},"27":{"start":{"line":34,"column":6},"end":{"line":34,"column":null}},"28":{"start":{"line":39,"column":2},"end":{"line":39,"column":null}},"29":{"start":{"line":39,"column":31},"end":{"line":39,"column":null}},"30":{"start":{"line":41,"column":2},"end":{"line":41,"column":null}}},"fnMap":{"0":{"name":"intToRoman","decl":{"start":{"line":1,"column":16},"end":{"line":1,"column":27}},"loc":{"start":{"line":1,"column":48},"end":{"line":16,"column":null}},"line":1},"1":{"name":"romanToInt","decl":{"start":{"line":18,"column":16},"end":{"line":18,"column":27}},"loc":{"start":{"line":18,"column":48},"end":{"line":42,"column":null}},"line":18}},"branchMap":{"0":{"loc":{"start":{"line":2,"column":2},"end":{"line":2,"column":null}},"type":"if","locations":[{"start":{"line":2,"column":2},"end":{"line":2,"column":null}},{"start":{},"end":{}}],"line":2},"1":{"loc":{"start":{"line":3,"column":2},"end":{"line":3,"column":null}},"type":"if","locations":[{"start":{"line":3,"column":2},"end":{"line":3,"column":null}},{"start":{},"end":{}}],"line":3},"2":{"loc":{"start":{"line":3,"column":6},"end":{"line":3,"column":31}},"type":"binary-expr","locations":[{"start":{"line":3,"column":6},"end":{"line":3,"column":18}},{"start":{"line":3,"column":18},"end":{"line":3,"column":31}}],"line":3},"3":{"loc":{"start":{"line":19,"column":2},"end":{"line":19,"column":null}},"type":"if","locations":[{"start":{"line":19,"column":2},"end":{"line":19,"column":null}},{"start":{},"end":{}}],"line":19},"4":{"loc":{"start":{"line":19,"column":6},"end":{"line":19,"column":39}},"type":"binary-expr","locations":[{"start":{"line":19,"column":6},"end":{"line":19,"column":14}},{"start":{"line":19,"column":14},"end":{"line":19,"column":39}}],"line":19},"5":{"loc":{"start":{"line":22,"column":2},"end":{"line":22,"column":null}},"type":"if","locations":[{"start":{"line":22,"column":2},"end":{"line":22,"column":null}},{"start":{},"end":{}}],"line":22},"6":{"loc":{"start":{"line":29,"column":17},"end":{"line":29,"column":null}},"type":"cond-expr","locations":[{"start":{"line":29,"column":36},"end":{"line":29,"column":52}},{"start":{"line":29,"column":52},"end":{"line":29,"column":null}}],"line":29},"7":{"loc":{"start":{"line":30,"column":4},"end":{"line":35,"column":null}},"type":"if","locations":[{"start":{"line":30,"column":4},"end":{"line":35,"column":null}},{"start":{"line":33,"column":11},"end":{"line":35,"column":null}}],"line":30},"8":{"loc":{"start":{"line":39,"column":2},"end":{"line":39,"column":null}},"type":"if","locations":[{"start":{"line":39,"column":2},"end":{"line":39,"column":null}},{"start":{},"end":{}}],"line":39}},"s":{"0":25,"1":1,"2":24,"3":3,"4":21,"5":21,"6":21,"7":21,"8":21,"9":273,"10":37,"11":37,"12":21,"13":18,"14":3,"15":15,"16":15,"17":2,"18":13,"19":13,"20":13,"21":13,"22":27,"23":27,"24":27,"25":14,"26":14,"27":13,"28":13,"29":13,"30":10},"f":{"0":25,"1":18},"b":{"0":[1,24],"1":[3,21],"2":[24,22],"3":[3,15],"4":[18,15],"5":[2,13],"6":[24,3],"7":[14,13],"8":[3,10]},"meta":{"lastBranch":9,"lastFunction":2,"lastStatement":31,"seen":{"f:1:16:1:27":0,"b:2:2:2:Infinity:undefined:undefined:undefined:undefined":0,"s:2:2:2:Infinity":0,"s:2:30:2:Infinity":1,"b:3:2:3:Infinity:undefined:undefined:undefined:undefined":1,"s:3:2:3:Infinity":2,"b:3:6:3:18:3:18:3:31":2,"s:3:31:3:Infinity":3,"s:5:15:5:Infinity":4,"s:6:15:6:Infinity":5,"s:8:15:8:Infinity":6,"s:9:2:14:Infinity":7,"s:9:15:9:18":8,"s:10:4:13:Infinity":9,"s:11:6:11:Infinity":10,"s:12:6:12:Infinity":11,"s:15:2:15:Infinity":12,"f:18:16:18:27":1,"b:19:2:19:Infinity:undefined:undefined:undefined:undefined":3,"s:19:2:19:Infinity":13,"b:19:6:19:14:19:14:19:39":4,"s:19:39:19:Infinity":14,"s:21:12:21:Infinity":15,"b:22:2:22:Infinity:undefined:undefined:undefined:undefined":5,"s:22:2:22:Infinity":16,"s:22:31:22:Infinity":17,"s:24:38:24:Infinity":18,"s:25:14:25:Infinity":19,"s:27:2:36:Infinity":20,"s:27:15:27:18":21,"s:28:17:28:Infinity":22,"s:29:17:29:Infinity":23,"b:29:36:29:52:29:52:29:Infinity":6,"b:30:4:35:Infinity:33:11:35:Infinity":7,"s:30:4:35:Infinity":24,"s:31:6:31:Infinity":25,"s:32:6:32:Infinity":26,"s:34:6:34:Infinity":27,"b:39:2:39:Infinity:undefined:undefined:undefined:undefined":8,"s:39:2:39:Infinity":28,"s:39:31:39:Infinity":29,"s:41:2:41:Infinity":30}}}
}
